[2014-09-14 10:27:40] local.ERROR: exception 'Symfony\Component\Debug\Exception\FatalErrorException' with message 'syntax error, unexpected '<'' in C:\xampp\htdocs\EV\app\storage\views\3957fe6259d001a9091f7059470d46c8:21
Stack trace:
#0 [internal function]: Illuminate\Exception\Handler->handleShutdown()
#1 {main} [] []
[2014-09-14 10:53:22] local.ERROR: exception 'Symfony\Component\Debug\Exception\FatalErrorException' with message 'syntax error, unexpected ')', expecting ',' or ';'' in C:\xampp\htdocs\EV\app\storage\views\3957fe6259d001a9091f7059470d46c8:27
Stack trace:
#0 [internal function]: Illuminate\Exception\Handler->handleShutdown()
#1 {main} [] []
[2014-09-14 11:20:43] local.ERROR: exception 'Symfony\Component\Debug\Exception\FatalErrorException' with message 'syntax error, unexpected '->' (T_OBJECT_OPERATOR)' in C:\xampp\htdocs\EV\app\controllers\GroupController.php:12
Stack trace:
#0 [internal function]: Illuminate\Exception\Handler->handleShutdown()
#1 {main} [] []
[2014-09-14 11:20:46] local.ERROR: exception 'Symfony\Component\Debug\Exception\FatalErrorException' with message 'syntax error, unexpected '->' (T_OBJECT_OPERATOR)' in C:\xampp\htdocs\EV\app\controllers\GroupController.php:12
Stack trace:
#0 [internal function]: Illuminate\Exception\Handler->handleShutdown()
#1 {main} [] []
[2014-09-14 11:21:53] local.ERROR: exception 'BadMethodCallException' with message 'Call to undefined method Illuminate\Database\Query\Builder::save()' in C:\xampp\htdocs\EV\vendor\laravel\framework\src\Illuminate\Database\Query\Builder.php:2117
Stack trace:
#0 [internal function]: Illuminate\Database\Query\Builder->__call('save', Array)
#1 [internal function]: Illuminate\Database\Query\Builder->save()
#2 C:\xampp\htdocs\EV\vendor\laravel\framework\src\Illuminate\Database\Eloquent\Builder.php(913): call_user_func_array(Array, Array)
#3 C:\xampp\htdocs\EV\app\controllers\GroupController.php(15): Illuminate\Database\Eloquent\Builder->__call('save', Array)
#4 C:\xampp\htdocs\EV\app\controllers\GroupController.php(15): Illuminate\Database\Eloquent\Builder->save()
#5 [internal function]: GroupController->getIndex()
#6 C:\xampp\htdocs\EV\vendor\laravel\framework\src\Illuminate\Routing\Controller.php(231): call_user_func_array(Array, Array)
#7 C:\xampp\htdocs\EV\vendor\laravel\framework\src\Illuminate\Routing\ControllerDispatcher.php(93): Illuminate\Routing\Controller->callAction('getIndex', Array)
#8 C:\xampp\htdocs\EV\vendor\laravel\framework\src\Illuminate\Routing\ControllerDispatcher.php(62): Illuminate\Routing\ControllerDispatcher->call(Object(GroupController), Object(Illuminate\Routing\Route), 'getIndex')
#9 C:\xampp\htdocs\EV\vendor\laravel\framework\src\Illuminate\Routing\Router.php(962): Illuminate\Routing\ControllerDispatcher->dispatch(Object(Illuminate\Routing\Route), Object(Illuminate\Http\Request), 'GroupController', 'getIndex')
#10 [internal function]: Illuminate\Routing\Router->Illuminate\Routing\{closure}()
#11 C:\xampp\htdocs\EV\vendor\laravel\framework\src\Illuminate\Routing\Route.php(109): call_user_func_array(Object(Closure), Array)
#12 C:\xampp\htdocs\EV\vendor\laravel\framework\src\Illuminate\Routing\Router.php(1028): Illuminate\Routing\Route->run(Object(Illuminate\Http\Request))
#13 C:\xampp\htdocs\EV\vendor\laravel\framework\src\Illuminate\Routing\Router.php(996): Illuminate\Routing\Router->dispatchToRoute(Object(Illuminate\Http\Request))
#14 C:\xampp\htdocs\EV\vendor\laravel\framework\src\Illuminate\Foundation\Application.php(776): Illuminate\Routing\Router->dispatch(Object(Illuminate\Http\Request))
#15 C:\xampp\htdocs\EV\vendor\laravel\framework\src\Illuminate\Foundation\Application.php(746): Illuminate\Foundation\Application->dispatch(Object(Illuminate\Http\Request))
#16 C:\xampp\htdocs\EV\vendor\laravel\framework\src\Illuminate\Session\Middleware.php(72): Illuminate\Foundation\Application->handle(Object(Illuminate\Http\Request), 1, true)
#17 C:\xampp\htdocs\EV\vendor\laravel\framework\src\Illuminate\Cookie\Queue.php(47): Illuminate\Session\Middleware->handle(Object(Illuminate\Http\Request), 1, true)
#18 C:\xampp\htdocs\EV\vendor\laravel\framework\src\Illuminate\Cookie\Guard.php(51): Illuminate\Cookie\Queue->handle(Object(Illuminate\Http\Request), 1, true)
#19 C:\xampp\htdocs\EV\vendor\stack\builder\src\Stack\StackedHttpKernel.php(23): Illuminate\Cookie\Guard->handle(Object(Illuminate\Http\Request), 1, true)
#20 C:\xampp\htdocs\EV\vendor\laravel\framework\src\Illuminate\Foundation\Application.php(642): Stack\StackedHttpKernel->handle(Object(Illuminate\Http\Request))
#21 C:\xampp\htdocs\EV\public\index.php(49): Illuminate\Foundation\Application->run()
#22 C:\xampp\htdocs\EV\server.php(19): require_once('C:\\xampp\\htdocs...')
#23 {main} [] []
[2014-09-14 11:22:18] local.ERROR: exception 'BadMethodCallException' with message 'Call to undefined method Illuminate\Database\Query\Builder::save()' in C:\xampp\htdocs\EV\vendor\laravel\framework\src\Illuminate\Database\Query\Builder.php:2117
Stack trace:
#0 [internal function]: Illuminate\Database\Query\Builder->__call('save', Array)
#1 [internal function]: Illuminate\Database\Query\Builder->save()
#2 C:\xampp\htdocs\EV\vendor\laravel\framework\src\Illuminate\Database\Eloquent\Builder.php(913): call_user_func_array(Array, Array)
#3 C:\xampp\htdocs\EV\app\controllers\GroupController.php(15): Illuminate\Database\Eloquent\Builder->__call('save', Array)
#4 C:\xampp\htdocs\EV\app\controllers\GroupController.php(15): Illuminate\Database\Eloquent\Builder->save()
#5 [internal function]: GroupController->getIndex()
#6 C:\xampp\htdocs\EV\vendor\laravel\framework\src\Illuminate\Routing\Controller.php(231): call_user_func_array(Array, Array)
#7 C:\xampp\htdocs\EV\vendor\laravel\framework\src\Illuminate\Routing\ControllerDispatcher.php(93): Illuminate\Routing\Controller->callAction('getIndex', Array)
#8 C:\xampp\htdocs\EV\vendor\laravel\framework\src\Illuminate\Routing\ControllerDispatcher.php(62): Illuminate\Routing\ControllerDispatcher->call(Object(GroupController), Object(Illuminate\Routing\Route), 'getIndex')
#9 C:\xampp\htdocs\EV\vendor\laravel\framework\src\Illuminate\Routing\Router.php(962): Illuminate\Routing\ControllerDispatcher->dispatch(Object(Illuminate\Routing\Route), Object(Illuminate\Http\Request), 'GroupController', 'getIndex')
#10 [internal function]: Illuminate\Routing\Router->Illuminate\Routing\{closure}()
#11 C:\xampp\htdocs\EV\vendor\laravel\framework\src\Illuminate\Routing\Route.php(109): call_user_func_array(Object(Closure), Array)
#12 C:\xampp\htdocs\EV\vendor\laravel\framework\src\Illuminate\Routing\Router.php(1028): Illuminate\Routing\Route->run(Object(Illuminate\Http\Request))
#13 C:\xampp\htdocs\EV\vendor\laravel\framework\src\Illuminate\Routing\Router.php(996): Illuminate\Routing\Router->dispatchToRoute(Object(Illuminate\Http\Request))
#14 C:\xampp\htdocs\EV\vendor\laravel\framework\src\Illuminate\Foundation\Application.php(776): Illuminate\Routing\Router->dispatch(Object(Illuminate\Http\Request))
#15 C:\xampp\htdocs\EV\vendor\laravel\framework\src\Illuminate\Foundation\Application.php(746): Illuminate\Foundation\Application->dispatch(Object(Illuminate\Http\Request))
#16 C:\xampp\htdocs\EV\vendor\laravel\framework\src\Illuminate\Session\Middleware.php(72): Illuminate\Foundation\Application->handle(Object(Illuminate\Http\Request), 1, true)
#17 C:\xampp\htdocs\EV\vendor\laravel\framework\src\Illuminate\Cookie\Queue.php(47): Illuminate\Session\Middleware->handle(Object(Illuminate\Http\Request), 1, true)
#18 C:\xampp\htdocs\EV\vendor\laravel\framework\src\Illuminate\Cookie\Guard.php(51): Illuminate\Cookie\Queue->handle(Object(Illuminate\Http\Request), 1, true)
#19 C:\xampp\htdocs\EV\vendor\stack\builder\src\Stack\StackedHttpKernel.php(23): Illuminate\Cookie\Guard->handle(Object(Illuminate\Http\Request), 1, true)
#20 C:\xampp\htdocs\EV\vendor\laravel\framework\src\Illuminate\Foundation\Application.php(642): Stack\StackedHttpKernel->handle(Object(Illuminate\Http\Request))
#21 C:\xampp\htdocs\EV\public\index.php(49): Illuminate\Foundation\Application->run()
#22 C:\xampp\htdocs\EV\server.php(19): require_once('C:\\xampp\\htdocs...')
#23 {main} [] []
[2014-09-14 11:22:23] local.ERROR: exception 'BadMethodCallException' with message 'Call to undefined method Illuminate\Database\Query\Builder::save()' in C:\xampp\htdocs\EV\vendor\laravel\framework\src\Illuminate\Database\Query\Builder.php:2117
Stack trace:
#0 [internal function]: Illuminate\Database\Query\Builder->__call('save', Array)
#1 [internal function]: Illuminate\Database\Query\Builder->save()
#2 C:\xampp\htdocs\EV\vendor\laravel\framework\src\Illuminate\Database\Eloquent\Builder.php(913): call_user_func_array(Array, Array)
#3 C:\xampp\htdocs\EV\app\controllers\GroupController.php(15): Illuminate\Database\Eloquent\Builder->__call('save', Array)
#4 C:\xampp\htdocs\EV\app\controllers\GroupController.php(15): Illuminate\Database\Eloquent\Builder->save()
#5 [internal function]: GroupController->getIndex()
#6 C:\xampp\htdocs\EV\vendor\laravel\framework\src\Illuminate\Routing\Controller.php(231): call_user_func_array(Array, Array)
#7 C:\xampp\htdocs\EV\vendor\laravel\framework\src\Illuminate\Routing\ControllerDispatcher.php(93): Illuminate\Routing\Controller->callAction('getIndex', Array)
#8 C:\xampp\htdocs\EV\vendor\laravel\framework\src\Illuminate\Routing\ControllerDispatcher.php(62): Illuminate\Routing\ControllerDispatcher->call(Object(GroupController), Object(Illuminate\Routing\Route), 'getIndex')
#9 C:\xampp\htdocs\EV\vendor\laravel\framework\src\Illuminate\Routing\Router.php(962): Illuminate\Routing\ControllerDispatcher->dispatch(Object(Illuminate\Routing\Route), Object(Illuminate\Http\Request), 'GroupController', 'getIndex')
#10 [internal function]: Illuminate\Routing\Router->Illuminate\Routing\{closure}()
#11 C:\xampp\htdocs\EV\vendor\laravel\framework\src\Illuminate\Routing\Route.php(109): call_user_func_array(Object(Closure), Array)
#12 C:\xampp\htdocs\EV\vendor\laravel\framework\src\Illuminate\Routing\Router.php(1028): Illuminate\Routing\Route->run(Object(Illuminate\Http\Request))
#13 C:\xampp\htdocs\EV\vendor\laravel\framework\src\Illuminate\Routing\Router.php(996): Illuminate\Routing\Router->dispatchToRoute(Object(Illuminate\Http\Request))
#14 C:\xampp\htdocs\EV\vendor\laravel\framework\src\Illuminate\Foundation\Application.php(776): Illuminate\Routing\Router->dispatch(Object(Illuminate\Http\Request))
#15 C:\xampp\htdocs\EV\vendor\laravel\framework\src\Illuminate\Foundation\Application.php(746): Illuminate\Foundation\Application->dispatch(Object(Illuminate\Http\Request))
#16 C:\xampp\htdocs\EV\vendor\laravel\framework\src\Illuminate\Session\Middleware.php(72): Illuminate\Foundation\Application->handle(Object(Illuminate\Http\Request), 1, true)
#17 C:\xampp\htdocs\EV\vendor\laravel\framework\src\Illuminate\Cookie\Queue.php(47): Illuminate\Session\Middleware->handle(Object(Illuminate\Http\Request), 1, true)
#18 C:\xampp\htdocs\EV\vendor\laravel\framework\src\Illuminate\Cookie\Guard.php(51): Illuminate\Cookie\Queue->handle(Object(Illuminate\Http\Request), 1, true)
#19 C:\xampp\htdocs\EV\vendor\stack\builder\src\Stack\StackedHttpKernel.php(23): Illuminate\Cookie\Guard->handle(Object(Illuminate\Http\Request), 1, true)
#20 C:\xampp\htdocs\EV\vendor\laravel\framework\src\Illuminate\Foundation\Application.php(642): Stack\StackedHttpKernel->handle(Object(Illuminate\Http\Request))
#21 C:\xampp\htdocs\EV\public\index.php(49): Illuminate\Foundation\Application->run()
#22 C:\xampp\htdocs\EV\server.php(19): require_once('C:\\xampp\\htdocs...')
#23 {main} [] []
[2014-09-14 11:24:01] local.ERROR: exception 'ErrorException' with message 'Creating default object from empty value' in C:\xampp\htdocs\EV\app\controllers\GroupController.php:13
Stack trace:
#0 C:\xampp\htdocs\EV\app\controllers\GroupController.php(13): Illuminate\Exception\Handler->handleError(2, 'Creating defaul...', 'C:\\xampp\\htdocs...', 13, Array)
#1 [internal function]: GroupController->getIndex()
#2 C:\xampp\htdocs\EV\vendor\laravel\framework\src\Illuminate\Routing\Controller.php(231): call_user_func_array(Array, Array)
#3 C:\xampp\htdocs\EV\vendor\laravel\framework\src\Illuminate\Routing\ControllerDispatcher.php(93): Illuminate\Routing\Controller->callAction('getIndex', Array)
#4 C:\xampp\htdocs\EV\vendor\laravel\framework\src\Illuminate\Routing\ControllerDispatcher.php(62): Illuminate\Routing\ControllerDispatcher->call(Object(GroupController), Object(Illuminate\Routing\Route), 'getIndex')
#5 C:\xampp\htdocs\EV\vendor\laravel\framework\src\Illuminate\Routing\Router.php(962): Illuminate\Routing\ControllerDispatcher->dispatch(Object(Illuminate\Routing\Route), Object(Illuminate\Http\Request), 'GroupController', 'getIndex')
#6 [internal function]: Illuminate\Routing\Router->Illuminate\Routing\{closure}()
#7 C:\xampp\htdocs\EV\vendor\laravel\framework\src\Illuminate\Routing\Route.php(109): call_user_func_array(Object(Closure), Array)
#8 C:\xampp\htdocs\EV\vendor\laravel\framework\src\Illuminate\Routing\Router.php(1028): Illuminate\Routing\Route->run(Object(Illuminate\Http\Request))
#9 C:\xampp\htdocs\EV\vendor\laravel\framework\src\Illuminate\Routing\Router.php(996): Illuminate\Routing\Router->dispatchToRoute(Object(Illuminate\Http\Request))
#10 C:\xampp\htdocs\EV\vendor\laravel\framework\src\Illuminate\Foundation\Application.php(776): Illuminate\Routing\Router->dispatch(Object(Illuminate\Http\Request))
#11 C:\xampp\htdocs\EV\vendor\laravel\framework\src\Illuminate\Foundation\Application.php(746): Illuminate\Foundation\Application->dispatch(Object(Illuminate\Http\Request))
#12 C:\xampp\htdocs\EV\vendor\laravel\framework\src\Illuminate\Session\Middleware.php(72): Illuminate\Foundation\Application->handle(Object(Illuminate\Http\Request), 1, true)
#13 C:\xampp\htdocs\EV\vendor\laravel\framework\src\Illuminate\Cookie\Queue.php(47): Illuminate\Session\Middleware->handle(Object(Illuminate\Http\Request), 1, true)
#14 C:\xampp\htdocs\EV\vendor\laravel\framework\src\Illuminate\Cookie\Guard.php(51): Illuminate\Cookie\Queue->handle(Object(Illuminate\Http\Request), 1, true)
#15 C:\xampp\htdocs\EV\vendor\stack\builder\src\Stack\StackedHttpKernel.php(23): Illuminate\Cookie\Guard->handle(Object(Illuminate\Http\Request), 1, true)
#16 C:\xampp\htdocs\EV\vendor\laravel\framework\src\Illuminate\Foundation\Application.php(642): Stack\StackedHttpKernel->handle(Object(Illuminate\Http\Request))
#17 C:\xampp\htdocs\EV\public\index.php(49): Illuminate\Foundation\Application->run()
#18 C:\xampp\htdocs\EV\server.php(19): require_once('C:\\xampp\\htdocs...')
#19 {main} [] []
[2014-09-14 11:24:02] local.ERROR: exception 'ErrorException' with message 'Creating default object from empty value' in C:\xampp\htdocs\EV\app\controllers\GroupController.php:13
Stack trace:
#0 C:\xampp\htdocs\EV\app\controllers\GroupController.php(13): Illuminate\Exception\Handler->handleError(2, 'Creating defaul...', 'C:\\xampp\\htdocs...', 13, Array)
#1 [internal function]: GroupController->getIndex()
#2 C:\xampp\htdocs\EV\vendor\laravel\framework\src\Illuminate\Routing\Controller.php(231): call_user_func_array(Array, Array)
#3 C:\xampp\htdocs\EV\vendor\laravel\framework\src\Illuminate\Routing\ControllerDispatcher.php(93): Illuminate\Routing\Controller->callAction('getIndex', Array)
#4 C:\xampp\htdocs\EV\vendor\laravel\framework\src\Illuminate\Routing\ControllerDispatcher.php(62): Illuminate\Routing\ControllerDispatcher->call(Object(GroupController), Object(Illuminate\Routing\Route), 'getIndex')
#5 C:\xampp\htdocs\EV\vendor\laravel\framework\src\Illuminate\Routing\Router.php(962): Illuminate\Routing\ControllerDispatcher->dispatch(Object(Illuminate\Routing\Route), Object(Illuminate\Http\Request), 'GroupController', 'getIndex')
#6 [internal function]: Illuminate\Routing\Router->Illuminate\Routing\{closure}()
#7 C:\xampp\htdocs\EV\vendor\laravel\framework\src\Illuminate\Routing\Route.php(109): call_user_func_array(Object(Closure), Array)
#8 C:\xampp\htdocs\EV\vendor\laravel\framework\src\Illuminate\Routing\Router.php(1028): Illuminate\Routing\Route->run(Object(Illuminate\Http\Request))
#9 C:\xampp\htdocs\EV\vendor\laravel\framework\src\Illuminate\Routing\Router.php(996): Illuminate\Routing\Router->dispatchToRoute(Object(Illuminate\Http\Request))
#10 C:\xampp\htdocs\EV\vendor\laravel\framework\src\Illuminate\Foundation\Application.php(776): Illuminate\Routing\Router->dispatch(Object(Illuminate\Http\Request))
#11 C:\xampp\htdocs\EV\vendor\laravel\framework\src\Illuminate\Foundation\Application.php(746): Illuminate\Foundation\Application->dispatch(Object(Illuminate\Http\Request))
#12 C:\xampp\htdocs\EV\vendor\laravel\framework\src\Illuminate\Session\Middleware.php(72): Illuminate\Foundation\Application->handle(Object(Illuminate\Http\Request), 1, true)
#13 C:\xampp\htdocs\EV\vendor\laravel\framework\src\Illuminate\Cookie\Queue.php(47): Illuminate\Session\Middleware->handle(Object(Illuminate\Http\Request), 1, true)
#14 C:\xampp\htdocs\EV\vendor\laravel\framework\src\Illuminate\Cookie\Guard.php(51): Illuminate\Cookie\Queue->handle(Object(Illuminate\Http\Request), 1, true)
#15 C:\xampp\htdocs\EV\vendor\stack\builder\src\Stack\StackedHttpKernel.php(23): Illuminate\Cookie\Guard->handle(Object(Illuminate\Http\Request), 1, true)
#16 C:\xampp\htdocs\EV\vendor\laravel\framework\src\Illuminate\Foundation\Application.php(642): Stack\StackedHttpKernel->handle(Object(Illuminate\Http\Request))
#17 C:\xampp\htdocs\EV\public\index.php(49): Illuminate\Foundation\Application->run()
#18 C:\xampp\htdocs\EV\server.php(19): require_once('C:\\xampp\\htdocs...')
#19 {main} [] []
[2014-09-14 11:24:12] local.ERROR: exception 'BadMethodCallException' with message 'Call to undefined method Illuminate\Database\Query\Builder::save()' in C:\xampp\htdocs\EV\vendor\laravel\framework\src\Illuminate\Database\Query\Builder.php:2117
Stack trace:
#0 [internal function]: Illuminate\Database\Query\Builder->__call('save', Array)
#1 [internal function]: Illuminate\Database\Query\Builder->save()
#2 C:\xampp\htdocs\EV\vendor\laravel\framework\src\Illuminate\Database\Eloquent\Builder.php(913): call_user_func_array(Array, Array)
#3 C:\xampp\htdocs\EV\app\controllers\GroupController.php(15): Illuminate\Database\Eloquent\Builder->__call('save', Array)
#4 C:\xampp\htdocs\EV\app\controllers\GroupController.php(15): Illuminate\Database\Eloquent\Builder->save()
#5 [internal function]: GroupController->getIndex()
#6 C:\xampp\htdocs\EV\vendor\laravel\framework\src\Illuminate\Routing\Controller.php(231): call_user_func_array(Array, Array)
#7 C:\xampp\htdocs\EV\vendor\laravel\framework\src\Illuminate\Routing\ControllerDispatcher.php(93): Illuminate\Routing\Controller->callAction('getIndex', Array)
#8 C:\xampp\htdocs\EV\vendor\laravel\framework\src\Illuminate\Routing\ControllerDispatcher.php(62): Illuminate\Routing\ControllerDispatcher->call(Object(GroupController), Object(Illuminate\Routing\Route), 'getIndex')
#9 C:\xampp\htdocs\EV\vendor\laravel\framework\src\Illuminate\Routing\Router.php(962): Illuminate\Routing\ControllerDispatcher->dispatch(Object(Illuminate\Routing\Route), Object(Illuminate\Http\Request), 'GroupController', 'getIndex')
#10 [internal function]: Illuminate\Routing\Router->Illuminate\Routing\{closure}()
#11 C:\xampp\htdocs\EV\vendor\laravel\framework\src\Illuminate\Routing\Route.php(109): call_user_func_array(Object(Closure), Array)
#12 C:\xampp\htdocs\EV\vendor\laravel\framework\src\Illuminate\Routing\Router.php(1028): Illuminate\Routing\Route->run(Object(Illuminate\Http\Request))
#13 C:\xampp\htdocs\EV\vendor\laravel\framework\src\Illuminate\Routing\Router.php(996): Illuminate\Routing\Router->dispatchToRoute(Object(Illuminate\Http\Request))
#14 C:\xampp\htdocs\EV\vendor\laravel\framework\src\Illuminate\Foundation\Application.php(776): Illuminate\Routing\Router->dispatch(Object(Illuminate\Http\Request))
#15 C:\xampp\htdocs\EV\vendor\laravel\framework\src\Illuminate\Foundation\Application.php(746): Illuminate\Foundation\Application->dispatch(Object(Illuminate\Http\Request))
#16 C:\xampp\htdocs\EV\vendor\laravel\framework\src\Illuminate\Session\Middleware.php(72): Illuminate\Foundation\Application->handle(Object(Illuminate\Http\Request), 1, true)
#17 C:\xampp\htdocs\EV\vendor\laravel\framework\src\Illuminate\Cookie\Queue.php(47): Illuminate\Session\Middleware->handle(Object(Illuminate\Http\Request), 1, true)
#18 C:\xampp\htdocs\EV\vendor\laravel\framework\src\Illuminate\Cookie\Guard.php(51): Illuminate\Cookie\Queue->handle(Object(Illuminate\Http\Request), 1, true)
#19 C:\xampp\htdocs\EV\vendor\stack\builder\src\Stack\StackedHttpKernel.php(23): Illuminate\Cookie\Guard->handle(Object(Illuminate\Http\Request), 1, true)
#20 C:\xampp\htdocs\EV\vendor\laravel\framework\src\Illuminate\Foundation\Application.php(642): Stack\StackedHttpKernel->handle(Object(Illuminate\Http\Request))
#21 C:\xampp\htdocs\EV\public\index.php(49): Illuminate\Foundation\Application->run()
#22 C:\xampp\htdocs\EV\server.php(19): require_once('C:\\xampp\\htdocs...')
#23 {main} [] []
[2014-09-14 11:24:46] local.ERROR: exception 'ErrorException' with message 'Creating default object from empty value' in C:\xampp\htdocs\EV\app\controllers\GroupController.php:13
Stack trace:
#0 C:\xampp\htdocs\EV\app\controllers\GroupController.php(13): Illuminate\Exception\Handler->handleError(2, 'Creating defaul...', 'C:\\xampp\\htdocs...', 13, Array)
#1 [internal function]: GroupController->getIndex()
#2 C:\xampp\htdocs\EV\vendor\laravel\framework\src\Illuminate\Routing\Controller.php(231): call_user_func_array(Array, Array)
#3 C:\xampp\htdocs\EV\vendor\laravel\framework\src\Illuminate\Routing\ControllerDispatcher.php(93): Illuminate\Routing\Controller->callAction('getIndex', Array)
#4 C:\xampp\htdocs\EV\vendor\laravel\framework\src\Illuminate\Routing\ControllerDispatcher.php(62): Illuminate\Routing\ControllerDispatcher->call(Object(GroupController), Object(Illuminate\Routing\Route), 'getIndex')
#5 C:\xampp\htdocs\EV\vendor\laravel\framework\src\Illuminate\Routing\Router.php(962): Illuminate\Routing\ControllerDispatcher->dispatch(Object(Illuminate\Routing\Route), Object(Illuminate\Http\Request), 'GroupController', 'getIndex')
#6 [internal function]: Illuminate\Routing\Router->Illuminate\Routing\{closure}()
#7 C:\xampp\htdocs\EV\vendor\laravel\framework\src\Illuminate\Routing\Route.php(109): call_user_func_array(Object(Closure), Array)
#8 C:\xampp\htdocs\EV\vendor\laravel\framework\src\Illuminate\Routing\Router.php(1028): Illuminate\Routing\Route->run(Object(Illuminate\Http\Request))
#9 C:\xampp\htdocs\EV\vendor\laravel\framework\src\Illuminate\Routing\Router.php(996): Illuminate\Routing\Router->dispatchToRoute(Object(Illuminate\Http\Request))
#10 C:\xampp\htdocs\EV\vendor\laravel\framework\src\Illuminate\Foundation\Application.php(776): Illuminate\Routing\Router->dispatch(Object(Illuminate\Http\Request))
#11 C:\xampp\htdocs\EV\vendor\laravel\framework\src\Illuminate\Foundation\Application.php(746): Illuminate\Foundation\Application->dispatch(Object(Illuminate\Http\Request))
#12 C:\xampp\htdocs\EV\vendor\laravel\framework\src\Illuminate\Session\Middleware.php(72): Illuminate\Foundation\Application->handle(Object(Illuminate\Http\Request), 1, true)
#13 C:\xampp\htdocs\EV\vendor\laravel\framework\src\Illuminate\Cookie\Queue.php(47): Illuminate\Session\Middleware->handle(Object(Illuminate\Http\Request), 1, true)
#14 C:\xampp\htdocs\EV\vendor\laravel\framework\src\Illuminate\Cookie\Guard.php(51): Illuminate\Cookie\Queue->handle(Object(Illuminate\Http\Request), 1, true)
#15 C:\xampp\htdocs\EV\vendor\stack\builder\src\Stack\StackedHttpKernel.php(23): Illuminate\Cookie\Guard->handle(Object(Illuminate\Http\Request), 1, true)
#16 C:\xampp\htdocs\EV\vendor\laravel\framework\src\Illuminate\Foundation\Application.php(642): Stack\StackedHttpKernel->handle(Object(Illuminate\Http\Request))
#17 C:\xampp\htdocs\EV\public\index.php(49): Illuminate\Foundation\Application->run()
#18 C:\xampp\htdocs\EV\server.php(19): require_once('C:\\xampp\\htdocs...')
#19 {main} [] []
[2014-09-14 11:24:47] local.ERROR: exception 'ErrorException' with message 'Creating default object from empty value' in C:\xampp\htdocs\EV\app\controllers\GroupController.php:13
Stack trace:
#0 C:\xampp\htdocs\EV\app\controllers\GroupController.php(13): Illuminate\Exception\Handler->handleError(2, 'Creating defaul...', 'C:\\xampp\\htdocs...', 13, Array)
#1 [internal function]: GroupController->getIndex()
#2 C:\xampp\htdocs\EV\vendor\laravel\framework\src\Illuminate\Routing\Controller.php(231): call_user_func_array(Array, Array)
#3 C:\xampp\htdocs\EV\vendor\laravel\framework\src\Illuminate\Routing\ControllerDispatcher.php(93): Illuminate\Routing\Controller->callAction('getIndex', Array)
#4 C:\xampp\htdocs\EV\vendor\laravel\framework\src\Illuminate\Routing\ControllerDispatcher.php(62): Illuminate\Routing\ControllerDispatcher->call(Object(GroupController), Object(Illuminate\Routing\Route), 'getIndex')
#5 C:\xampp\htdocs\EV\vendor\laravel\framework\src\Illuminate\Routing\Router.php(962): Illuminate\Routing\ControllerDispatcher->dispatch(Object(Illuminate\Routing\Route), Object(Illuminate\Http\Request), 'GroupController', 'getIndex')
#6 [internal function]: Illuminate\Routing\Router->Illuminate\Routing\{closure}()
#7 C:\xampp\htdocs\EV\vendor\laravel\framework\src\Illuminate\Routing\Route.php(109): call_user_func_array(Object(Closure), Array)
#8 C:\xampp\htdocs\EV\vendor\laravel\framework\src\Illuminate\Routing\Router.php(1028): Illuminate\Routing\Route->run(Object(Illuminate\Http\Request))
#9 C:\xampp\htdocs\EV\vendor\laravel\framework\src\Illuminate\Routing\Router.php(996): Illuminate\Routing\Router->dispatchToRoute(Object(Illuminate\Http\Request))
#10 C:\xampp\htdocs\EV\vendor\laravel\framework\src\Illuminate\Foundation\Application.php(776): Illuminate\Routing\Router->dispatch(Object(Illuminate\Http\Request))
#11 C:\xampp\htdocs\EV\vendor\laravel\framework\src\Illuminate\Foundation\Application.php(746): Illuminate\Foundation\Application->dispatch(Object(Illuminate\Http\Request))
#12 C:\xampp\htdocs\EV\vendor\laravel\framework\src\Illuminate\Session\Middleware.php(72): Illuminate\Foundation\Application->handle(Object(Illuminate\Http\Request), 1, true)
#13 C:\xampp\htdocs\EV\vendor\laravel\framework\src\Illuminate\Cookie\Queue.php(47): Illuminate\Session\Middleware->handle(Object(Illuminate\Http\Request), 1, true)
#14 C:\xampp\htdocs\EV\vendor\laravel\framework\src\Illuminate\Cookie\Guard.php(51): Illuminate\Cookie\Queue->handle(Object(Illuminate\Http\Request), 1, true)
#15 C:\xampp\htdocs\EV\vendor\stack\builder\src\Stack\StackedHttpKernel.php(23): Illuminate\Cookie\Guard->handle(Object(Illuminate\Http\Request), 1, true)
#16 C:\xampp\htdocs\EV\vendor\laravel\framework\src\Illuminate\Foundation\Application.php(642): Stack\StackedHttpKernel->handle(Object(Illuminate\Http\Request))
#17 C:\xampp\htdocs\EV\public\index.php(49): Illuminate\Foundation\Application->run()
#18 C:\xampp\htdocs\EV\server.php(19): require_once('C:\\xampp\\htdocs...')
#19 {main} [] []
[2014-09-14 11:25:21] local.ERROR: exception 'ErrorException' with message 'Creating default object from empty value' in C:\xampp\htdocs\EV\app\controllers\GroupController.php:13
Stack trace:
#0 C:\xampp\htdocs\EV\app\controllers\GroupController.php(13): Illuminate\Exception\Handler->handleError(2, 'Creating defaul...', 'C:\\xampp\\htdocs...', 13, Array)
#1 [internal function]: GroupController->getIndex()
#2 C:\xampp\htdocs\EV\vendor\laravel\framework\src\Illuminate\Routing\Controller.php(231): call_user_func_array(Array, Array)
#3 C:\xampp\htdocs\EV\vendor\laravel\framework\src\Illuminate\Routing\ControllerDispatcher.php(93): Illuminate\Routing\Controller->callAction('getIndex', Array)
#4 C:\xampp\htdocs\EV\vendor\laravel\framework\src\Illuminate\Routing\ControllerDispatcher.php(62): Illuminate\Routing\ControllerDispatcher->call(Object(GroupController), Object(Illuminate\Routing\Route), 'getIndex')
#5 C:\xampp\htdocs\EV\vendor\laravel\framework\src\Illuminate\Routing\Router.php(962): Illuminate\Routing\ControllerDispatcher->dispatch(Object(Illuminate\Routing\Route), Object(Illuminate\Http\Request), 'GroupController', 'getIndex')
#6 [internal function]: Illuminate\Routing\Router->Illuminate\Routing\{closure}()
#7 C:\xampp\htdocs\EV\vendor\laravel\framework\src\Illuminate\Routing\Route.php(109): call_user_func_array(Object(Closure), Array)
#8 C:\xampp\htdocs\EV\vendor\laravel\framework\src\Illuminate\Routing\Router.php(1028): Illuminate\Routing\Route->run(Object(Illuminate\Http\Request))
#9 C:\xampp\htdocs\EV\vendor\laravel\framework\src\Illuminate\Routing\Router.php(996): Illuminate\Routing\Router->dispatchToRoute(Object(Illuminate\Http\Request))
#10 C:\xampp\htdocs\EV\vendor\laravel\framework\src\Illuminate\Foundation\Application.php(776): Illuminate\Routing\Router->dispatch(Object(Illuminate\Http\Request))
#11 C:\xampp\htdocs\EV\vendor\laravel\framework\src\Illuminate\Foundation\Application.php(746): Illuminate\Foundation\Application->dispatch(Object(Illuminate\Http\Request))
#12 C:\xampp\htdocs\EV\vendor\laravel\framework\src\Illuminate\Session\Middleware.php(72): Illuminate\Foundation\Application->handle(Object(Illuminate\Http\Request), 1, true)
#13 C:\xampp\htdocs\EV\vendor\laravel\framework\src\Illuminate\Cookie\Queue.php(47): Illuminate\Session\Middleware->handle(Object(Illuminate\Http\Request), 1, true)
#14 C:\xampp\htdocs\EV\vendor\laravel\framework\src\Illuminate\Cookie\Guard.php(51): Illuminate\Cookie\Queue->handle(Object(Illuminate\Http\Request), 1, true)
#15 C:\xampp\htdocs\EV\vendor\stack\builder\src\Stack\StackedHttpKernel.php(23): Illuminate\Cookie\Guard->handle(Object(Illuminate\Http\Request), 1, true)
#16 C:\xampp\htdocs\EV\vendor\laravel\framework\src\Illuminate\Foundation\Application.php(642): Stack\StackedHttpKernel->handle(Object(Illuminate\Http\Request))
#17 C:\xampp\htdocs\EV\public\index.php(49): Illuminate\Foundation\Application->run()
#18 C:\xampp\htdocs\EV\server.php(19): require_once('C:\\xampp\\htdocs...')
#19 {main} [] []
[2014-09-14 11:25:55] local.ERROR: exception 'ErrorException' with message 'Creating default object from empty value' in C:\xampp\htdocs\EV\app\controllers\GroupController.php:13
Stack trace:
#0 C:\xampp\htdocs\EV\app\controllers\GroupController.php(13): Illuminate\Exception\Handler->handleError(2, 'Creating defaul...', 'C:\\xampp\\htdocs...', 13, Array)
#1 [internal function]: GroupController->getIndex()
#2 C:\xampp\htdocs\EV\vendor\laravel\framework\src\Illuminate\Routing\Controller.php(231): call_user_func_array(Array, Array)
#3 C:\xampp\htdocs\EV\vendor\laravel\framework\src\Illuminate\Routing\ControllerDispatcher.php(93): Illuminate\Routing\Controller->callAction('getIndex', Array)
#4 C:\xampp\htdocs\EV\vendor\laravel\framework\src\Illuminate\Routing\ControllerDispatcher.php(62): Illuminate\Routing\ControllerDispatcher->call(Object(GroupController), Object(Illuminate\Routing\Route), 'getIndex')
#5 C:\xampp\htdocs\EV\vendor\laravel\framework\src\Illuminate\Routing\Router.php(962): Illuminate\Routing\ControllerDispatcher->dispatch(Object(Illuminate\Routing\Route), Object(Illuminate\Http\Request), 'GroupController', 'getIndex')
#6 [internal function]: Illuminate\Routing\Router->Illuminate\Routing\{closure}()
#7 C:\xampp\htdocs\EV\vendor\laravel\framework\src\Illuminate\Routing\Route.php(109): call_user_func_array(Object(Closure), Array)
#8 C:\xampp\htdocs\EV\vendor\laravel\framework\src\Illuminate\Routing\Router.php(1028): Illuminate\Routing\Route->run(Object(Illuminate\Http\Request))
#9 C:\xampp\htdocs\EV\vendor\laravel\framework\src\Illuminate\Routing\Router.php(996): Illuminate\Routing\Router->dispatchToRoute(Object(Illuminate\Http\Request))
#10 C:\xampp\htdocs\EV\vendor\laravel\framework\src\Illuminate\Foundation\Application.php(776): Illuminate\Routing\Router->dispatch(Object(Illuminate\Http\Request))
#11 C:\xampp\htdocs\EV\vendor\laravel\framework\src\Illuminate\Foundation\Application.php(746): Illuminate\Foundation\Application->dispatch(Object(Illuminate\Http\Request))
#12 C:\xampp\htdocs\EV\vendor\laravel\framework\src\Illuminate\Session\Middleware.php(72): Illuminate\Foundation\Application->handle(Object(Illuminate\Http\Request), 1, true)
#13 C:\xampp\htdocs\EV\vendor\laravel\framework\src\Illuminate\Cookie\Queue.php(47): Illuminate\Session\Middleware->handle(Object(Illuminate\Http\Request), 1, true)
#14 C:\xampp\htdocs\EV\vendor\laravel\framework\src\Illuminate\Cookie\Guard.php(51): Illuminate\Cookie\Queue->handle(Object(Illuminate\Http\Request), 1, true)
#15 C:\xampp\htdocs\EV\vendor\stack\builder\src\Stack\StackedHttpKernel.php(23): Illuminate\Cookie\Guard->handle(Object(Illuminate\Http\Request), 1, true)
#16 C:\xampp\htdocs\EV\vendor\laravel\framework\src\Illuminate\Foundation\Application.php(642): Stack\StackedHttpKernel->handle(Object(Illuminate\Http\Request))
#17 C:\xampp\htdocs\EV\public\index.php(49): Illuminate\Foundation\Application->run()
#18 C:\xampp\htdocs\EV\server.php(19): require_once('C:\\xampp\\htdocs...')
#19 {main} [] []
[2014-09-14 11:26:56] local.ERROR: exception 'ErrorException' with message 'Creating default object from empty value' in C:\xampp\htdocs\EV\app\controllers\GroupController.php:13
Stack trace:
#0 C:\xampp\htdocs\EV\app\controllers\GroupController.php(13): Illuminate\Exception\Handler->handleError(2, 'Creating defaul...', 'C:\\xampp\\htdocs...', 13, Array)
#1 [internal function]: GroupController->getIndex()
#2 C:\xampp\htdocs\EV\vendor\laravel\framework\src\Illuminate\Routing\Controller.php(231): call_user_func_array(Array, Array)
#3 C:\xampp\htdocs\EV\vendor\laravel\framework\src\Illuminate\Routing\ControllerDispatcher.php(93): Illuminate\Routing\Controller->callAction('getIndex', Array)
#4 C:\xampp\htdocs\EV\vendor\laravel\framework\src\Illuminate\Routing\ControllerDispatcher.php(62): Illuminate\Routing\ControllerDispatcher->call(Object(GroupController), Object(Illuminate\Routing\Route), 'getIndex')
#5 C:\xampp\htdocs\EV\vendor\laravel\framework\src\Illuminate\Routing\Router.php(962): Illuminate\Routing\ControllerDispatcher->dispatch(Object(Illuminate\Routing\Route), Object(Illuminate\Http\Request), 'GroupController', 'getIndex')
#6 [internal function]: Illuminate\Routing\Router->Illuminate\Routing\{closure}()
#7 C:\xampp\htdocs\EV\vendor\laravel\framework\src\Illuminate\Routing\Route.php(109): call_user_func_array(Object(Closure), Array)
#8 C:\xampp\htdocs\EV\vendor\laravel\framework\src\Illuminate\Routing\Router.php(1028): Illuminate\Routing\Route->run(Object(Illuminate\Http\Request))
#9 C:\xampp\htdocs\EV\vendor\laravel\framework\src\Illuminate\Routing\Router.php(996): Illuminate\Routing\Router->dispatchToRoute(Object(Illuminate\Http\Request))
#10 C:\xampp\htdocs\EV\vendor\laravel\framework\src\Illuminate\Foundation\Application.php(776): Illuminate\Routing\Router->dispatch(Object(Illuminate\Http\Request))
#11 C:\xampp\htdocs\EV\vendor\laravel\framework\src\Illuminate\Foundation\Application.php(746): Illuminate\Foundation\Application->dispatch(Object(Illuminate\Http\Request))
#12 C:\xampp\htdocs\EV\vendor\laravel\framework\src\Illuminate\Session\Middleware.php(72): Illuminate\Foundation\Application->handle(Object(Illuminate\Http\Request), 1, true)
#13 C:\xampp\htdocs\EV\vendor\laravel\framework\src\Illuminate\Cookie\Queue.php(47): Illuminate\Session\Middleware->handle(Object(Illuminate\Http\Request), 1, true)
#14 C:\xampp\htdocs\EV\vendor\laravel\framework\src\Illuminate\Cookie\Guard.php(51): Illuminate\Cookie\Queue->handle(Object(Illuminate\Http\Request), 1, true)
#15 C:\xampp\htdocs\EV\vendor\stack\builder\src\Stack\StackedHttpKernel.php(23): Illuminate\Cookie\Guard->handle(Object(Illuminate\Http\Request), 1, true)
#16 C:\xampp\htdocs\EV\vendor\laravel\framework\src\Illuminate\Foundation\Application.php(642): Stack\StackedHttpKernel->handle(Object(Illuminate\Http\Request))
#17 C:\xampp\htdocs\EV\public\index.php(49): Illuminate\Foundation\Application->run()
#18 C:\xampp\htdocs\EV\server.php(19): require_once('C:\\xampp\\htdocs...')
#19 {main} [] []
[2014-09-14 11:26:58] local.ERROR: exception 'ErrorException' with message 'Creating default object from empty value' in C:\xampp\htdocs\EV\app\controllers\GroupController.php:13
Stack trace:
#0 C:\xampp\htdocs\EV\app\controllers\GroupController.php(13): Illuminate\Exception\Handler->handleError(2, 'Creating defaul...', 'C:\\xampp\\htdocs...', 13, Array)
#1 [internal function]: GroupController->getIndex()
#2 C:\xampp\htdocs\EV\vendor\laravel\framework\src\Illuminate\Routing\Controller.php(231): call_user_func_array(Array, Array)
#3 C:\xampp\htdocs\EV\vendor\laravel\framework\src\Illuminate\Routing\ControllerDispatcher.php(93): Illuminate\Routing\Controller->callAction('getIndex', Array)
#4 C:\xampp\htdocs\EV\vendor\laravel\framework\src\Illuminate\Routing\ControllerDispatcher.php(62): Illuminate\Routing\ControllerDispatcher->call(Object(GroupController), Object(Illuminate\Routing\Route), 'getIndex')
#5 C:\xampp\htdocs\EV\vendor\laravel\framework\src\Illuminate\Routing\Router.php(962): Illuminate\Routing\ControllerDispatcher->dispatch(Object(Illuminate\Routing\Route), Object(Illuminate\Http\Request), 'GroupController', 'getIndex')
#6 [internal function]: Illuminate\Routing\Router->Illuminate\Routing\{closure}()
#7 C:\xampp\htdocs\EV\vendor\laravel\framework\src\Illuminate\Routing\Route.php(109): call_user_func_array(Object(Closure), Array)
#8 C:\xampp\htdocs\EV\vendor\laravel\framework\src\Illuminate\Routing\Router.php(1028): Illuminate\Routing\Route->run(Object(Illuminate\Http\Request))
#9 C:\xampp\htdocs\EV\vendor\laravel\framework\src\Illuminate\Routing\Router.php(996): Illuminate\Routing\Router->dispatchToRoute(Object(Illuminate\Http\Request))
#10 C:\xampp\htdocs\EV\vendor\laravel\framework\src\Illuminate\Foundation\Application.php(776): Illuminate\Routing\Router->dispatch(Object(Illuminate\Http\Request))
#11 C:\xampp\htdocs\EV\vendor\laravel\framework\src\Illuminate\Foundation\Application.php(746): Illuminate\Foundation\Application->dispatch(Object(Illuminate\Http\Request))
#12 C:\xampp\htdocs\EV\vendor\laravel\framework\src\Illuminate\Session\Middleware.php(72): Illuminate\Foundation\Application->handle(Object(Illuminate\Http\Request), 1, true)
#13 C:\xampp\htdocs\EV\vendor\laravel\framework\src\Illuminate\Cookie\Queue.php(47): Illuminate\Session\Middleware->handle(Object(Illuminate\Http\Request), 1, true)
#14 C:\xampp\htdocs\EV\vendor\laravel\framework\src\Illuminate\Cookie\Guard.php(51): Illuminate\Cookie\Queue->handle(Object(Illuminate\Http\Request), 1, true)
#15 C:\xampp\htdocs\EV\vendor\stack\builder\src\Stack\StackedHttpKernel.php(23): Illuminate\Cookie\Guard->handle(Object(Illuminate\Http\Request), 1, true)
#16 C:\xampp\htdocs\EV\vendor\laravel\framework\src\Illuminate\Foundation\Application.php(642): Stack\StackedHttpKernel->handle(Object(Illuminate\Http\Request))
#17 C:\xampp\htdocs\EV\public\index.php(49): Illuminate\Foundation\Application->run()
#18 C:\xampp\htdocs\EV\server.php(19): require_once('C:\\xampp\\htdocs...')
#19 {main} [] []
[2014-09-14 11:27:03] local.ERROR: exception 'PDOException' with message 'SQLSTATE[42S22]: Column not found: 1054 Unknown column 'name' in 'field list'' in C:\xampp\htdocs\EV\vendor\laravel\framework\src\Illuminate\Database\Connection.php:364
Stack trace:
#0 C:\xampp\htdocs\EV\vendor\laravel\framework\src\Illuminate\Database\Connection.php(364): PDO->prepare('update `users` ...')
#1 C:\xampp\htdocs\EV\vendor\laravel\framework\src\Illuminate\Database\Connection.php(592): Illuminate\Database\Connection->Illuminate\Database\{closure}(Object(Illuminate\Database\MySqlConnection), 'update `users` ...', Array)
#2 C:\xampp\htdocs\EV\vendor\laravel\framework\src\Illuminate\Database\Connection.php(556): Illuminate\Database\Connection->runQueryCallback('update `users` ...', Array, Object(Closure))
#3 C:\xampp\htdocs\EV\vendor\laravel\framework\src\Illuminate\Database\Connection.php(369): Illuminate\Database\Connection->run('update `users` ...', Array, Object(Closure))
#4 C:\xampp\htdocs\EV\vendor\laravel\framework\src\Illuminate\Database\Connection.php(314): Illuminate\Database\Connection->affectingStatement('update `users` ...', Array)
#5 C:\xampp\htdocs\EV\vendor\laravel\framework\src\Illuminate\Database\Query\Builder.php(1870): Illuminate\Database\Connection->update('update `users` ...', Array)
#6 C:\xampp\htdocs\EV\vendor\laravel\framework\src\Illuminate\Database\Eloquent\Builder.php(318): Illuminate\Database\Query\Builder->update(Array)
#7 C:\xampp\htdocs\EV\vendor\laravel\framework\src\Illuminate\Database\Eloquent\Model.php(1453): Illuminate\Database\Eloquent\Builder->update(Array)
#8 C:\xampp\htdocs\EV\vendor\laravel\framework\src\Illuminate\Database\Eloquent\Model.php(1387): Illuminate\Database\Eloquent\Model->performUpdate(Object(Illuminate\Database\Eloquent\Builder))
#9 C:\xampp\htdocs\EV\app\controllers\GroupController.php(15): Illuminate\Database\Eloquent\Model->save()
#10 [internal function]: GroupController->getIndex()
#11 C:\xampp\htdocs\EV\vendor\laravel\framework\src\Illuminate\Routing\Controller.php(231): call_user_func_array(Array, Array)
#12 C:\xampp\htdocs\EV\vendor\laravel\framework\src\Illuminate\Routing\ControllerDispatcher.php(93): Illuminate\Routing\Controller->callAction('getIndex', Array)
#13 C:\xampp\htdocs\EV\vendor\laravel\framework\src\Illuminate\Routing\ControllerDispatcher.php(62): Illuminate\Routing\ControllerDispatcher->call(Object(GroupController), Object(Illuminate\Routing\Route), 'getIndex')
#14 C:\xampp\htdocs\EV\vendor\laravel\framework\src\Illuminate\Routing\Router.php(962): Illuminate\Routing\ControllerDispatcher->dispatch(Object(Illuminate\Routing\Route), Object(Illuminate\Http\Request), 'GroupController', 'getIndex')
#15 [internal function]: Illuminate\Routing\Router->Illuminate\Routing\{closure}()
#16 C:\xampp\htdocs\EV\vendor\laravel\framework\src\Illuminate\Routing\Route.php(109): call_user_func_array(Object(Closure), Array)
#17 C:\xampp\htdocs\EV\vendor\laravel\framework\src\Illuminate\Routing\Router.php(1028): Illuminate\Routing\Route->run(Object(Illuminate\Http\Request))
#18 C:\xampp\htdocs\EV\vendor\laravel\framework\src\Illuminate\Routing\Router.php(996): Illuminate\Routing\Router->dispatchToRoute(Object(Illuminate\Http\Request))
#19 C:\xampp\htdocs\EV\vendor\laravel\framework\src\Illuminate\Foundation\Application.php(776): Illuminate\Routing\Router->dispatch(Object(Illuminate\Http\Request))
#20 C:\xampp\htdocs\EV\vendor\laravel\framework\src\Illuminate\Foundation\Application.php(746): Illuminate\Foundation\Application->dispatch(Object(Illuminate\Http\Request))
#21 C:\xampp\htdocs\EV\vendor\laravel\framework\src\Illuminate\Session\Middleware.php(72): Illuminate\Foundation\Application->handle(Object(Illuminate\Http\Request), 1, true)
#22 C:\xampp\htdocs\EV\vendor\laravel\framework\src\Illuminate\Cookie\Queue.php(47): Illuminate\Session\Middleware->handle(Object(Illuminate\Http\Request), 1, true)
#23 C:\xampp\htdocs\EV\vendor\laravel\framework\src\Illuminate\Cookie\Guard.php(51): Illuminate\Cookie\Queue->handle(Object(Illuminate\Http\Request), 1, true)
#24 C:\xampp\htdocs\EV\vendor\stack\builder\src\Stack\StackedHttpKernel.php(23): Illuminate\Cookie\Guard->handle(Object(Illuminate\Http\Request), 1, true)
#25 C:\xampp\htdocs\EV\vendor\laravel\framework\src\Illuminate\Foundation\Application.php(642): Stack\StackedHttpKernel->handle(Object(Illuminate\Http\Request))
#26 C:\xampp\htdocs\EV\public\index.php(49): Illuminate\Foundation\Application->run()
#27 C:\xampp\htdocs\EV\server.php(19): require_once('C:\\xampp\\htdocs...')
#28 {main}

Next exception 'Illuminate\Database\QueryException' with message 'SQLSTATE[42S22]: Column not found: 1054 Unknown column 'name' in 'field list' (SQL: update `users` set `updated_at` = 2014-09-14 11:27:03, `name` = Megacities - changed where `id` = 1)' in C:\xampp\htdocs\EV\vendor\laravel\framework\src\Illuminate\Database\Connection.php:600
Stack trace:
#0 C:\xampp\htdocs\EV\vendor\laravel\framework\src\Illuminate\Database\Connection.php(556): Illuminate\Database\Connection->runQueryCallback('update `users` ...', Array, Object(Closure))
#1 C:\xampp\htdocs\EV\vendor\laravel\framework\src\Illuminate\Database\Connection.php(369): Illuminate\Database\Connection->run('update `users` ...', Array, Object(Closure))
#2 C:\xampp\htdocs\EV\vendor\laravel\framework\src\Illuminate\Database\Connection.php(314): Illuminate\Database\Connection->affectingStatement('update `users` ...', Array)
#3 C:\xampp\htdocs\EV\vendor\laravel\framework\src\Illuminate\Database\Query\Builder.php(1870): Illuminate\Database\Connection->update('update `users` ...', Array)
#4 C:\xampp\htdocs\EV\vendor\laravel\framework\src\Illuminate\Database\Eloquent\Builder.php(318): Illuminate\Database\Query\Builder->update(Array)
#5 C:\xampp\htdocs\EV\vendor\laravel\framework\src\Illuminate\Database\Eloquent\Model.php(1453): Illuminate\Database\Eloquent\Builder->update(Array)
#6 C:\xampp\htdocs\EV\vendor\laravel\framework\src\Illuminate\Database\Eloquent\Model.php(1387): Illuminate\Database\Eloquent\Model->performUpdate(Object(Illuminate\Database\Eloquent\Builder))
#7 C:\xampp\htdocs\EV\app\controllers\GroupController.php(15): Illuminate\Database\Eloquent\Model->save()
#8 [internal function]: GroupController->getIndex()
#9 C:\xampp\htdocs\EV\vendor\laravel\framework\src\Illuminate\Routing\Controller.php(231): call_user_func_array(Array, Array)
#10 C:\xampp\htdocs\EV\vendor\laravel\framework\src\Illuminate\Routing\ControllerDispatcher.php(93): Illuminate\Routing\Controller->callAction('getIndex', Array)
#11 C:\xampp\htdocs\EV\vendor\laravel\framework\src\Illuminate\Routing\ControllerDispatcher.php(62): Illuminate\Routing\ControllerDispatcher->call(Object(GroupController), Object(Illuminate\Routing\Route), 'getIndex')
#12 C:\xampp\htdocs\EV\vendor\laravel\framework\src\Illuminate\Routing\Router.php(962): Illuminate\Routing\ControllerDispatcher->dispatch(Object(Illuminate\Routing\Route), Object(Illuminate\Http\Request), 'GroupController', 'getIndex')
#13 [internal function]: Illuminate\Routing\Router->Illuminate\Routing\{closure}()
#14 C:\xampp\htdocs\EV\vendor\laravel\framework\src\Illuminate\Routing\Route.php(109): call_user_func_array(Object(Closure), Array)
#15 C:\xampp\htdocs\EV\vendor\laravel\framework\src\Illuminate\Routing\Router.php(1028): Illuminate\Routing\Route->run(Object(Illuminate\Http\Request))
#16 C:\xampp\htdocs\EV\vendor\laravel\framework\src\Illuminate\Routing\Router.php(996): Illuminate\Routing\Router->dispatchToRoute(Object(Illuminate\Http\Request))
#17 C:\xampp\htdocs\EV\vendor\laravel\framework\src\Illuminate\Foundation\Application.php(776): Illuminate\Routing\Router->dispatch(Object(Illuminate\Http\Request))
#18 C:\xampp\htdocs\EV\vendor\laravel\framework\src\Illuminate\Foundation\Application.php(746): Illuminate\Foundation\Application->dispatch(Object(Illuminate\Http\Request))
#19 C:\xampp\htdocs\EV\vendor\laravel\framework\src\Illuminate\Session\Middleware.php(72): Illuminate\Foundation\Application->handle(Object(Illuminate\Http\Request), 1, true)
#20 C:\xampp\htdocs\EV\vendor\laravel\framework\src\Illuminate\Cookie\Queue.php(47): Illuminate\Session\Middleware->handle(Object(Illuminate\Http\Request), 1, true)
#21 C:\xampp\htdocs\EV\vendor\laravel\framework\src\Illuminate\Cookie\Guard.php(51): Illuminate\Cookie\Queue->handle(Object(Illuminate\Http\Request), 1, true)
#22 C:\xampp\htdocs\EV\vendor\stack\builder\src\Stack\StackedHttpKernel.php(23): Illuminate\Cookie\Guard->handle(Object(Illuminate\Http\Request), 1, true)
#23 C:\xampp\htdocs\EV\vendor\laravel\framework\src\Illuminate\Foundation\Application.php(642): Stack\StackedHttpKernel->handle(Object(Illuminate\Http\Request))
#24 C:\xampp\htdocs\EV\public\index.php(49): Illuminate\Foundation\Application->run()
#25 C:\xampp\htdocs\EV\server.php(19): require_once('C:\\xampp\\htdocs...')
#26 {main} [] []
